<?xml version="1.0" encoding="UTF-8"?>
<testsuite xmlns:xsi="http://www.w3.org/2001/XMLSchema-instance" xsi:noNamespaceSchemaLocation="https://maven.apache.org/surefire/maven-surefire-plugin/xsd/surefire-test-report-3.0.xsd" version="3.0" name="com.mycompany.loginsystem.LoginSystemTest" time="0.046" tests="2" errors="0" skipped="0" failures="0">
  <properties>
[...]
</properties>
  <testcase name="testFailedLogin" classname="com.mycompany.loginsystem.LoginSystemTest" time="0.021">
    <system-out><![CDATA[Login with incorrect credentials: false
Login message: Username or password incorrect, please try again.
]]></system-out>
  </testcase>
  <testcase name="testSuccessfulLogin" classname="com.mycompany.loginsystem.LoginSystemTest" time="0.005">
    <system-out><![CDATA[Login with correct credentials: true
Login message: Welcome Sam, Smith it is great to see you again.
]]></system-out>
  </testcase>
</testsuite>